<?xml version="1.0" encoding="UTF-8"?>
<!-- Generated by org.testng.reporters.JUnitReportReporter -->
<testsuite hostname="DESKTOP-SL7JA35" failures="0" tests="3" name="tests.PositiveAndNegative_7" time="3.442" errors="0" timestamp="2024-06-19T09:55:42 AEST" skipped="0">
  <testcase classname="tests.PositiveAndNegative_7" name="callGetTokenAPINegative" time="2.297"/>
  <testcase classname="tests.PositiveAndNegative_7" name="callGetTokenAPINegative" time="0.563"/>
  <testcase classname="tests.PositiveAndNegative_7" name="callGetTokenAPIPositive" time="0.582"/>
</testsuite> <!-- tests.PositiveAndNegative_7 -->
