<?xml version="1.0" encoding="UTF-8"?>
<!-- Generated by org.testng.reporters.JUnitReportReporter -->
<testsuite hostname="DESKTOP-SL7JA35" failures="0" tests="1" name="resources.MainClass" time="2.858" errors="0" timestamp="2024-06-11T10:37:22 AEST" skipped="0">
  <testcase classname="resources.MainClass" name="MainTest" time="2.858"/>
</testsuite> <!-- resources.MainClass -->
