<?xml version="1.0" encoding="UTF-8"?>
<!-- Generated by org.testng.reporters.JUnitReportReporter -->
<testsuite hostname="DESKTOP-SL7JA35" failures="0" tests="2" name="tests.PositiveAndNegative" time="4.009" errors="0" timestamp="2024-06-18T18:21:21 AEST" skipped="0">
  <testcase classname="tests.PositiveAndNegative" name="callGetTokenAPINegative" time="3.264"/>
  <testcase classname="tests.PositiveAndNegative" name="callGetTokenAPIPositive" time="0.745"/>
</testsuite> <!-- tests.PositiveAndNegative -->
