<?xml version="1.0" encoding="UTF-8"?>
<!-- Generated by org.testng.reporters.JUnitReportReporter -->
<testsuite hostname="DESKTOP-SL7JA35" failures="0" tests="2" name="tests.PositiveAndNegative_6" time="1.081" errors="0" timestamp="2024-06-19T08:51:11 AEST" skipped="0">
  <testcase classname="tests.PositiveAndNegative_6" name="callGetTokenAPINegative" time="0.527"/>
  <testcase classname="tests.PositiveAndNegative_6" name="callGetTokenAPIPositive" time="0.554"/>
</testsuite> <!-- tests.PositiveAndNegative_6 -->
