<?xml version="1.0" encoding="UTF-8"?>
<!-- Generated by org.testng.reporters.JUnitReportReporter -->
<testsuite hostname="DESKTOP-SL7JA35" failures="0" tests="2" name="tests.MainClassSerialized_3" time="2.226" errors="0" timestamp="2024-06-19T08:51:11 AEST" skipped="0">
  <testcase classname="tests.MainClassSerialized_3" name="test" time="1.162"/>
  <testcase classname="tests.MainClassSerialized_3" name="test" time="1.064"/>
</testsuite> <!-- tests.MainClassSerialized_3 -->
