<?xml version="1.0" encoding="UTF-8"?>
<!-- Generated by org.testng.reporters.JUnitReportReporter -->
<testsuite hostname="DESKTOP-SL7JA35" failures="0" tests="1" name="tests.MainClassSerialized" time="4.476" errors="0" timestamp="2024-06-11T12:57:25 AEST" skipped="0">
  <testcase classname="tests.MainClassSerialized" name="test" time="4.476"/>
</testsuite> <!-- tests.MainClassSerialized -->
