<?xml version="1.0" encoding="UTF-8"?>
<!-- Generated by org.testng.reporters.JUnitReportReporter -->
<testsuite hostname="DESKTOP-SL7JA35" failures="0" tests="1" name="tests.MainClassRefined_2" time="1.015" errors="0" timestamp="2024-06-19T08:51:11 AEST" skipped="0">
  <testcase classname="tests.MainClassRefined_2" name="test" time="1.015"/>
</testsuite> <!-- tests.MainClassRefined_2 -->
