<?xml version="1.0" encoding="UTF-8"?>
<!-- Generated by org.testng.reporters.JUnitReportReporter -->
<testsuite hostname="DESKTOP-SL7JA35" failures="0" tests="1" name="tests.MainClass" time="2.823" errors="0" timestamp="2024-06-11T11:21:28 AEST" skipped="0">
  <testcase classname="tests.MainClass" name="MainTest" time="2.823"/>
</testsuite> <!-- tests.MainClass -->
