<?xml version="1.0" encoding="UTF-8"?>
<!-- Generated by org.testng.reporters.JUnitReportReporter -->
<testsuite hostname="DESKTOP-SL7JA35" failures="0" tests="1" name="tests.MainClass_1" time="1.093" errors="0" timestamp="2024-06-19T08:51:11 AEST" skipped="0">
  <testcase classname="tests.MainClass_1" name="MainTest" time="1.093"/>
</testsuite> <!-- tests.MainClass_1 -->
