<?xml version="1.0" encoding="UTF-8"?>
<!-- Generated by org.testng.reporters.JUnitReportReporter -->
<testsuite hostname="DESKTOP-SL7JA35" failures="0" tests="3" name="tests.PositiveAndNegative_7" time="3.378" errors="0" timestamp="2024-06-19T11:17:17 AEST" skipped="0">
  <testcase classname="tests.PositiveAndNegative_7" name="callGetTokenAPINegative" time="0.561"/>
  <testcase classname="tests.PositiveAndNegative_7" name="callGetTokenAPINegative" time="2.264"/>
  <testcase classname="tests.PositiveAndNegative_7" name="callGetTokenAPIPositive" time="0.553"/>
</testsuite> <!-- tests.PositiveAndNegative_7 -->
